2023-09-23 15:13:16 - aiogram.dispatcher - INFO - Start polling
2023-09-23 15:13:16 - aiogram.dispatcher - INFO - Run polling for bot @CatAPIXBot id=5811048601 - 'CatAPI'
2023-09-23 15:13:23 - aiogram.event - INFO - Update id=331413167 is handled. Duration 235 ms by bot id=5811048601
2023-09-23 15:13:25 - aiogram.event - INFO - Update id=331413168 is not handled. Duration 0 ms by bot id=5811048601
2023-09-23 15:13:30 - aiogram.dispatcher - INFO - Polling stopped
2023-09-23 15:13:30 - aiogram.dispatcher - INFO - Polling stopped for bot @CatAPIXBot id=5811048601 - 'CatAPI'
2023-09-23 15:13:30 - root - INFO - Bot stopped

2023-09-23 15:16:43 - aiogram.dispatcher - INFO - Start polling
2023-09-23 15:16:43 - aiogram.dispatcher - INFO - Run polling for bot @CatAPIXBot id=5811048601 - 'CatAPI'
2023-09-23 15:16:45 - aiogram.dispatcher - INFO - Polling stopped
2023-09-23 15:16:45 - aiogram.dispatcher - INFO - Polling stopped for bot @CatAPIXBot id=5811048601 - 'CatAPI'
2023-09-23 15:16:46 - root - INFO - Bot stopped

2023-09-23 16:09:23 - aiogram.dispatcher - INFO - Start polling
2023-09-23 16:09:24 - aiogram.dispatcher - INFO - Run polling for bot @CatAPIXBot id=5811048601 - 'CatAPI'
2023-09-23 16:09:26 - aiogram.dispatcher - INFO - Polling stopped
2023-09-23 16:09:26 - aiogram.dispatcher - INFO - Polling stopped for bot @CatAPIXBot id=5811048601 - 'CatAPI'
2023-09-23 16:09:26 - root - INFO - Bot stopped

2023-09-23 16:09:39 - aiogram.dispatcher - INFO - Start polling
2023-09-23 16:09:39 - aiogram.dispatcher - INFO - Run polling for bot @CatAPIXBot id=5811048601 - 'CatAPI'
2023-09-23 16:09:56 - aiogram.event - INFO - Update id=331413178 is handled. Duration 187 ms by bot id=5811048601
2023-09-23 16:09:58 - aiogram.event - INFO - Update id=331413179 is handled. Duration 108 ms by bot id=5811048601
2023-09-23 16:10:00 - aiogram.event - INFO - Update id=331413180 is not handled. Duration 0 ms by bot id=5811048601
2023-09-23 16:10:05 - aiogram.dispatcher - INFO - Polling stopped
2023-09-23 16:10:05 - aiogram.dispatcher - INFO - Polling stopped for bot @CatAPIXBot id=5811048601 - 'CatAPI'
2023-09-23 16:10:05 - root - INFO - Bot stopped

